Start testing: Apr 11 12:40 中国标准时间
----------------------------------------------------------
1/2 Testing: pir_basic_test
1/2 Test: pir_basic_test
Command: "E:/5.paper/code/xzxpir/build/test/pir_basic_test.exe"
Directory: E:/5.paper/code/xzxpir/build/test
"pir_basic_test" start time: Apr 11 12:40 中国标准时间
Output:
----------------------------------------------------------
<end of output>
Test time =   0.24 sec
----------------------------------------------------------
Test Failed.
"pir_basic_test" end time: Apr 11 12:40 中国标准时间
"pir_basic_test" time elapsed: 00:00:00
----------------------------------------------------------

2/2 Testing: guass_sample_test
2/2 Test: guass_sample_test
Command: "E:/5.paper/code/xzxpir/build/test/guass_sample_test.exe"
Directory: E:/5.paper/code/xzxpir/build/test
"guass_sample_test" start time: Apr 11 12:40 中国标准时间
Output:
----------------------------------------------------------
bucket[0] == 0
bucket[1] == 0
bucket[2] == 0
bucket[3] == 0
bucket[4] == 0
bucket[5] == 0
bucket[6] == 0
bucket[7] == 0
bucket[8] == 0
bucket[9] == 0
bucket[10] == 0
bucket[11] == 0
bucket[12] == 0
bucket[13] == 0
bucket[14] == 0
bucket[15] == 0
bucket[16] == 0
bucket[17] == 0
bucket[18] == 0
bucket[19] == 0
bucket[20] == 0
bucket[21] == 0
bucket[22] == 0
bucket[23] == 0
bucket[24] == 0
bucket[25] == 0
bucket[26] == 0
bucket[27] == 0
bucket[28] == 0
bucket[29] == 0
bucket[30] == 0
bucket[31] == 0
bucket[32] == 0
bucket[33] == 0
bucket[34] == 0
bucket[35] == 0
bucket[36] == 0
bucket[37] == 0
bucket[38] == 0
bucket[39] == 0
bucket[40] == 0
bucket[41] == 0
bucket[42] == 0
bucket[43] == 0
bucket[44] == 0
bucket[45] == 0
bucket[46] == 0
bucket[47] == 0
bucket[48] == 0
bucket[49] == 0
bucket[50] == 0
bucket[51] == 0
bucket[52] == 0
bucket[53] == 0
bucket[54] == 0
bucket[55] == 0
bucket[56] == 0
bucket[57] == 0
bucket[58] == 0
bucket[59] == 0
bucket[60] == 0
bucket[61] == 0
bucket[62] == 0
bucket[63] == 0
bucket[64] == 0
bucket[65] == 0
bucket[66] == 0
bucket[67] == 0
bucket[68] == 0
bucket[69] == 0
bucket[70] == 0
bucket[71] == 0
bucket[72] == 0
bucket[73] == 0
bucket[74] == 0
bucket[75] == 0
bucket[76] == 0
bucket[77] == 0
bucket[78] == 0
bucket[79] == 0
bucket[80] == 0
bucket[81] == 0
bucket[82] == 0
bucket[83] == 0
bucket[84] == 0
bucket[85] == 0
bucket[86] == 0
bucket[87] == 0
bucket[88] == 0
bucket[89] == 0
bucket[90] == 0
bucket[91] == 0
bucket[92] == 0
bucket[93] == 0
bucket[94] == 0
bucket[95] == 1
bucket[96] == 0
bucket[97] == 0
bucket[98] == 3
bucket[99] == 3
bucket[100] == 4
bucket[101] == 13
bucket[102] == 19
bucket[103] == 31
bucket[104] == 53
bucket[105] == 102
bucket[106] == 181
bucket[107] == 285
bucket[108] == 478
bucket[109] == 749
bucket[110] == 1170
bucket[111] == 1815
bucket[112] == 2799
bucket[113] == 3954
bucket[114] == 5644
bucket[115] == 8035
bucket[116] == 10698
bucket[117] == 14269
bucket[118] == 18271
bucket[119] == 23272
bucket[120] == 28654
bucket[121] == 34319
bucket[122] == 40101
bucket[123] == 46131
bucket[124] == 50956
bucket[125] == 55774
bucket[126] == 59634
bucket[127] == 61730
bucket[128] == 61835
bucket[129] == 61403
bucket[130] == 59260
bucket[131] == 56137
bucket[132] == 51046
bucket[133] == 45974
bucket[134] == 40329
bucket[135] == 34120
bucket[136] == 28326
bucket[137] == 23425
bucket[138] == 18341
bucket[139] == 14407
bucket[140] == 10944
bucket[141] == 8085
bucket[142] == 5701
bucket[143] == 3895
bucket[144] == 2760
bucket[145] == 1814
bucket[146] == 1125
bucket[147] == 797
bucket[148] == 490
bucket[149] == 287
bucket[150] == 151
bucket[151] == 87
bucket[152] == 49
bucket[153] == 32
bucket[154] == 21
bucket[155] == 6
bucket[156] == 4
bucket[157] == 1
bucket[158] == 0
bucket[159] == 0
bucket[160] == 0
bucket[161] == 0
bucket[162] == 0
bucket[163] == 0
bucket[164] == 0
bucket[165] == 0
bucket[166] == 0
bucket[167] == 0
bucket[168] == 0
bucket[169] == 0
bucket[170] == 0
bucket[171] == 0
bucket[172] == 0
bucket[173] == 0
bucket[174] == 0
bucket[175] == 0
bucket[176] == 0
bucket[177] == 0
bucket[178] == 0
bucket[179] == 0
bucket[180] == 0
bucket[181] == 0
bucket[182] == 0
bucket[183] == 0
bucket[184] == 0
bucket[185] == 0
bucket[186] == 0
bucket[187] == 0
bucket[188] == 0
bucket[189] == 0
bucket[190] == 0
bucket[191] == 0
bucket[192] == 0
bucket[193] == 0
bucket[194] == 0
bucket[195] == 0
bucket[196] == 0
bucket[197] == 0
bucket[198] == 0
bucket[199] == 0
bucket[200] == 0
bucket[201] == 0
bucket[202] == 0
bucket[203] == 0
bucket[204] == 0
bucket[205] == 0
bucket[206] == 0
bucket[207] == 0
bucket[208] == 0
bucket[209] == 0
bucket[210] == 0
bucket[211] == 0
bucket[212] == 0
bucket[213] == 0
bucket[214] == 0
bucket[215] == 0
bucket[216] == 0
bucket[217] == 0
bucket[218] == 0
bucket[219] == 0
bucket[220] == 0
bucket[221] == 0
bucket[222] == 0
bucket[223] == 0
bucket[224] == 0
bucket[225] == 0
bucket[226] == 0
bucket[227] == 0
bucket[228] == 0
bucket[229] == 0
bucket[230] == 0
bucket[231] == 0
bucket[232] == 0
bucket[233] == 0
bucket[234] == 0
bucket[235] == 0
bucket[236] == 0
bucket[237] == 0
bucket[238] == 0
bucket[239] == 0
bucket[240] == 0
bucket[241] == 0
bucket[242] == 0
bucket[243] == 0
bucket[244] == 0
bucket[245] == 0
bucket[246] == 0
bucket[247] == 0
bucket[248] == 0
bucket[249] == 0
bucket[250] == 0
bucket[251] == 0
bucket[252] == 0
bucket[253] == 0
bucket[254] == 0
bucket[255] == 0
<end of output>
Test time =   1.61 sec
----------------------------------------------------------
Test Passed.
"guass_sample_test" end time: Apr 11 12:40 中国标准时间
"guass_sample_test" time elapsed: 00:00:01
----------------------------------------------------------

End testing: Apr 11 12:40 中国标准时间
